{"/Users/angelisco1/Documents/PRONOIDE/gitlab/curso-react/ejercicios/ej-testing/src/components/info-usuario/info-usuario.jsx": {"path":"/Users/angelisco1/Documents/PRONOIDE/gitlab/curso-react/ejercicios/ej-testing/src/components/info-usuario/info-usuario.jsx","statementMap":{"0":{"start":{"line":5,"column":4},"end":{"line":5,"column":12}},"1":{"start":{"line":6,"column":4},"end":{"line":6,"column":49}},"2":{"start":{"line":7,"column":4},"end":{"line":7,"column":51}},"3":{"start":{"line":11,"column":4},"end":{"line":16,"column":6}},"4":{"start":{"line":20,"column":4},"end":{"line":25,"column":6}},"5":{"start":{"line":29,"column":16},"end":{"line":29,"column":76}},"6":{"start":{"line":30,"column":4},"end":{"line":32,"column":6}}},"fnMap":{"0":{"name":"(anonymous_0)","decl":{"start":{"line":4,"column":2},"end":{"line":4,"column":3}},"loc":{"start":{"line":4,"column":16},"end":{"line":8,"column":3}},"line":4},"1":{"name":"(anonymous_1)","decl":{"start":{"line":10,"column":2},"end":{"line":10,"column":3}},"loc":{"start":{"line":10,"column":15},"end":{"line":17,"column":3}},"line":10},"2":{"name":"(anonymous_2)","decl":{"start":{"line":19,"column":2},"end":{"line":19,"column":3}},"loc":{"start":{"line":19,"column":16},"end":{"line":26,"column":3}},"line":19},"3":{"name":"(anonymous_3)","decl":{"start":{"line":28,"column":2},"end":{"line":28,"column":3}},"loc":{"start":{"line":28,"column":11},"end":{"line":33,"column":3}},"line":28}},"branchMap":{"0":{"loc":{"start":{"line":29,"column":16},"end":{"line":29,"column":76}},"type":"cond-expr","locations":[{"start":{"line":29,"column":38},"end":{"line":29,"column":55}},{"start":{"line":29,"column":58},"end":{"line":29,"column":76}}],"line":29}},"s":{"0":3,"1":3,"2":3,"3":2,"4":1,"5":3,"6":3},"f":{"0":3,"1":2,"2":1,"3":3},"b":{"0":[2,1]},"_coverageSchema":"43e27e138ebf9cfc5966b082cf9a028302ed4184","hash":"9691bd9076181ff57a59320bf031f369d198ed59"}
,"/Users/angelisco1/Documents/PRONOIDE/gitlab/curso-react/ejercicios/ej-testing/src/components/lista-compra/lista-compra.jsx": {"path":"/Users/angelisco1/Documents/PRONOIDE/gitlab/curso-react/ejercicios/ej-testing/src/components/lista-compra/lista-compra.jsx","statementMap":{"0":{"start":{"line":6,"column":4},"end":{"line":6,"column":12}},"1":{"start":{"line":7,"column":4},"end":{"line":15,"column":63}},"2":{"start":{"line":16,"column":4},"end":{"line":16,"column":57}},"3":{"start":{"line":17,"column":4},"end":{"line":17,"column":45}},"4":{"start":{"line":18,"column":4},"end":{"line":18,"column":43}},"5":{"start":{"line":19,"column":4},"end":{"line":19,"column":51}},"6":{"start":{"line":20,"column":4},"end":{"line":20,"column":51}},"7":{"start":{"line":25,"column":4},"end":{"line":27,"column":7}},"8":{"start":{"line":31,"column":20},"end":{"line":35,"column":6}},"9":{"start":{"line":32,"column":6},"end":{"line":34,"column":7}},"10":{"start":{"line":36,"column":4},"end":{"line":36,"column":21}},"11":{"start":{"line":40,"column":20},"end":{"line":40,"column":44}},"12":{"start":{"line":41,"column":4},"end":{"line":48,"column":6}},"13":{"start":{"line":52,"column":4},"end":{"line":57,"column":6}},"14":{"start":{"line":61,"column":4},"end":{"line":65,"column":6}},"15":{"start":{"line":69,"column":4},"end":{"line":69,"column":23}},"16":{"start":{"line":70,"column":20},"end":{"line":74,"column":7}},"17":{"start":{"line":75,"column":4},"end":{"line":78,"column":7}},"18":{"start":{"line":82,"column":25},"end":{"line":82,"column":45}},"19":{"start":{"line":83,"column":4},"end":{"line":83,"column":57}},"20":{"start":{"line":84,"column":4},"end":{"line":86,"column":7}},"21":{"start":{"line":90,"column":4},"end":{"line":92,"column":7}},"22":{"start":{"line":96,"column":16},"end":{"line":96,"column":77}},"23":{"start":{"line":97,"column":4},"end":{"line":99,"column":6}}},"fnMap":{"0":{"name":"(anonymous_0)","decl":{"start":{"line":5,"column":2},"end":{"line":5,"column":3}},"loc":{"start":{"line":5,"column":16},"end":{"line":22,"column":3}},"line":5},"1":{"name":"(anonymous_1)","decl":{"start":{"line":24,"column":2},"end":{"line":24,"column":3}},"loc":{"start":{"line":24,"column":23},"end":{"line":28,"column":3}},"line":24},"2":{"name":"(anonymous_2)","decl":{"start":{"line":30,"column":2},"end":{"line":30,"column":3}},"loc":{"start":{"line":30,"column":22},"end":{"line":37,"column":3}},"line":30},"3":{"name":"(anonymous_3)","decl":{"start":{"line":31,"column":45},"end":{"line":31,"column":46}},"loc":{"start":{"line":31,"column":57},"end":{"line":35,"column":5}},"line":31},"4":{"name":"(anonymous_4)","decl":{"start":{"line":39,"column":2},"end":{"line":39,"column":3}},"loc":{"start":{"line":39,"column":19},"end":{"line":49,"column":3}},"line":39},"5":{"name":"(anonymous_5)","decl":{"start":{"line":51,"column":2},"end":{"line":51,"column":3}},"loc":{"start":{"line":51,"column":13},"end":{"line":58,"column":3}},"line":51},"6":{"name":"(anonymous_6)","decl":{"start":{"line":60,"column":2},"end":{"line":60,"column":3}},"loc":{"start":{"line":60,"column":12},"end":{"line":66,"column":3}},"line":60},"7":{"name":"(anonymous_7)","decl":{"start":{"line":68,"column":2},"end":{"line":68,"column":3}},"loc":{"start":{"line":68,"column":17},"end":{"line":79,"column":3}},"line":68},"8":{"name":"(anonymous_8)","decl":{"start":{"line":81,"column":2},"end":{"line":81,"column":3}},"loc":{"start":{"line":81,"column":20},"end":{"line":87,"column":3}},"line":81},"9":{"name":"(anonymous_9)","decl":{"start":{"line":89,"column":2},"end":{"line":89,"column":3}},"loc":{"start":{"line":89,"column":17},"end":{"line":93,"column":3}},"line":89},"10":{"name":"(anonymous_10)","decl":{"start":{"line":95,"column":2},"end":{"line":95,"column":3}},"loc":{"start":{"line":95,"column":11},"end":{"line":100,"column":3}},"line":95}},"branchMap":{"0":{"loc":{"start":{"line":26,"column":17},"end":{"line":26,"column":43}},"type":"binary-expr","locations":[{"start":{"line":26,"column":17},"end":{"line":26,"column":37}},{"start":{"line":26,"column":41},"end":{"line":26,"column":43}}],"line":26},"1":{"loc":{"start":{"line":44,"column":10},"end":{"line":44,"column":63}},"type":"cond-expr","locations":[{"start":{"line":44,"column":33},"end":{"line":44,"column":42}},{"start":{"line":44,"column":45},"end":{"line":44,"column":63}}],"line":44},"2":{"loc":{"start":{"line":96,"column":16},"end":{"line":96,"column":77}},"type":"cond-expr","locations":[{"start":{"line":96,"column":38},"end":{"line":96,"column":59}},{"start":{"line":96,"column":62},"end":{"line":96,"column":77}}],"line":96}},"s":{"0":13,"1":13,"2":13,"3":13,"4":13,"5":13,"6":13,"7":13,"8":18,"9":44,"10":18,"11":18,"12":18,"13":2,"14":18,"15":1,"16":1,"17":1,"18":1,"19":1,"20":1,"21":1,"22":20,"23":20},"f":{"0":13,"1":13,"2":18,"3":44,"4":18,"5":2,"6":18,"7":1,"8":1,"9":1,"10":20},"b":{"0":[13,1],"1":[15,3],"2":[18,2]},"_coverageSchema":"43e27e138ebf9cfc5966b082cf9a028302ed4184","hash":"40d3c6d7c8109cd4cdb27cd360863d9add38a05d"}
,"/Users/angelisco1/Documents/PRONOIDE/gitlab/curso-react/ejercicios/ej-testing/src/components/lista-compra/producto.jsx": {"path":"/Users/angelisco1/Documents/PRONOIDE/gitlab/curso-react/ejercicios/ej-testing/src/components/lista-compra/producto.jsx","statementMap":{"0":{"start":{"line":3,"column":17},"end":{"line":12,"column":1}},"1":{"start":{"line":4,"column":15},"end":{"line":6,"column":3}},"2":{"start":{"line":7,"column":2},"end":{"line":11,"column":3}},"3":{"start":{"line":8,"column":60},"end":{"line":8,"column":75}}},"fnMap":{"0":{"name":"(anonymous_0)","decl":{"start":{"line":3,"column":17},"end":{"line":3,"column":18}},"loc":{"start":{"line":3,"column":59},"end":{"line":12,"column":1}},"line":3},"1":{"name":"(anonymous_1)","decl":{"start":{"line":8,"column":54},"end":{"line":8,"column":55}},"loc":{"start":{"line":8,"column":60},"end":{"line":8,"column":75}},"line":8}},"branchMap":{"0":{"loc":{"start":{"line":5,"column":20},"end":{"line":5,"column":53}},"type":"cond-expr","locations":[{"start":{"line":5,"column":30},"end":{"line":5,"column":44}},{"start":{"line":5,"column":47},"end":{"line":5,"column":53}}],"line":5}},"s":{"0":1,"1":17,"2":17,"3":1},"f":{"0":17,"1":1},"b":{"0":[1,16]},"_coverageSchema":"43e27e138ebf9cfc5966b082cf9a028302ed4184","hash":"0115a4a4ad192b1a641355d3d2c9f83b2e96872f"}
,"/Users/angelisco1/Documents/PRONOIDE/gitlab/curso-react/ejercicios/ej-testing/src/store/contador/action-types.js": {"path":"/Users/angelisco1/Documents/PRONOIDE/gitlab/curso-react/ejercicios/ej-testing/src/store/contador/action-types.js","statementMap":{"0":{"start":{"line":1,"column":25},"end":{"line":1,"column":36}},"1":{"start":{"line":2,"column":25},"end":{"line":2,"column":36}}},"fnMap":{},"branchMap":{},"s":{"0":2,"1":2},"f":{},"b":{},"_coverageSchema":"43e27e138ebf9cfc5966b082cf9a028302ed4184","hash":"71700d830ffc35c91c72dae5fe8616a90a16d4b7"}
,"/Users/angelisco1/Documents/PRONOIDE/gitlab/curso-react/ejercicios/ej-testing/src/store/contador/actions.js": {"path":"/Users/angelisco1/Documents/PRONOIDE/gitlab/curso-react/ejercicios/ej-testing/src/store/contador/actions.js","statementMap":{"0":{"start":{"line":4,"column":2},"end":{"line":6,"column":3}},"1":{"start":{"line":10,"column":2},"end":{"line":12,"column":3}}},"fnMap":{"0":{"name":"incrementCount","decl":{"start":{"line":3,"column":16},"end":{"line":3,"column":30}},"loc":{"start":{"line":3,"column":33},"end":{"line":7,"column":1}},"line":3},"1":{"name":"decrementCount","decl":{"start":{"line":9,"column":16},"end":{"line":9,"column":30}},"loc":{"start":{"line":9,"column":33},"end":{"line":13,"column":1}},"line":9}},"branchMap":{},"s":{"0":1,"1":1},"f":{"0":1,"1":1},"b":{},"_coverageSchema":"43e27e138ebf9cfc5966b082cf9a028302ed4184","hash":"644c74b01cba942893c0dad391147bce4a05a1b6"}
,"/Users/angelisco1/Documents/PRONOIDE/gitlab/curso-react/ejercicios/ej-testing/src/store/contador/index.js": {"path":"/Users/angelisco1/Documents/PRONOIDE/gitlab/curso-react/ejercicios/ej-testing/src/store/contador/index.js","statementMap":{"0":{"start":{"line":5,"column":2},"end":{"line":12,"column":3}},"1":{"start":{"line":7,"column":6},"end":{"line":7,"column":23}},"2":{"start":{"line":9,"column":6},"end":{"line":9,"column":23}},"3":{"start":{"line":11,"column":6},"end":{"line":11,"column":19}}},"fnMap":{"0":{"name":"contador","decl":{"start":{"line":4,"column":24},"end":{"line":4,"column":32}},"loc":{"start":{"line":4,"column":52},"end":{"line":13,"column":1}},"line":4}},"branchMap":{"0":{"loc":{"start":{"line":4,"column":33},"end":{"line":4,"column":42}},"type":"default-arg","locations":[{"start":{"line":4,"column":41},"end":{"line":4,"column":42}}],"line":4},"1":{"loc":{"start":{"line":5,"column":2},"end":{"line":12,"column":3}},"type":"switch","locations":[{"start":{"line":6,"column":4},"end":{"line":7,"column":23}},{"start":{"line":8,"column":4},"end":{"line":9,"column":23}},{"start":{"line":10,"column":4},"end":{"line":11,"column":19}}],"line":5}},"s":{"0":5,"1":1,"2":3,"3":1},"f":{"0":5},"b":{"0":[4],"1":[1,3,1]},"_coverageSchema":"43e27e138ebf9cfc5966b082cf9a028302ed4184","hash":"e9df51c0b062a405aa072c3659190c54ec0e87dd"}
}
