TN:
SF:/Users/angelisco1/Documents/PRONOIDE/gitlab/curso-react/ejercicios/ej-testing/src/components/info-usuario/info-usuario.jsx
FN:4,(anonymous_0)
FN:10,(anonymous_1)
FN:19,(anonymous_2)
FN:28,(anonymous_3)
FNF:4
FNH:4
FNDA:3,(anonymous_0)
FNDA:2,(anonymous_1)
FNDA:1,(anonymous_2)
FNDA:3,(anonymous_3)
DA:5,3
DA:6,3
DA:7,3
DA:11,2
DA:20,1
DA:29,3
DA:30,3
LF:7
LH:7
BRDA:29,0,0,2
BRDA:29,0,1,1
BRF:2
BRH:2
end_of_record
TN:
SF:/Users/angelisco1/Documents/PRONOIDE/gitlab/curso-react/ejercicios/ej-testing/src/components/lista-compra/lista-compra.jsx
FN:5,(anonymous_0)
FN:24,(anonymous_1)
FN:30,(anonymous_2)
FN:31,(anonymous_3)
FN:39,(anonymous_4)
FN:51,(anonymous_5)
FN:60,(anonymous_6)
FN:68,(anonymous_7)
FN:81,(anonymous_8)
FN:89,(anonymous_9)
FN:95,(anonymous_10)
FNF:11
FNH:11
FNDA:13,(anonymous_0)
FNDA:13,(anonymous_1)
FNDA:18,(anonymous_2)
FNDA:44,(anonymous_3)
FNDA:18,(anonymous_4)
FNDA:2,(anonymous_5)
FNDA:18,(anonymous_6)
FNDA:1,(anonymous_7)
FNDA:1,(anonymous_8)
FNDA:1,(anonymous_9)
FNDA:20,(anonymous_10)
DA:6,13
DA:7,13
DA:16,13
DA:17,13
DA:18,13
DA:19,13
DA:20,13
DA:25,13
DA:31,18
DA:32,44
DA:36,18
DA:40,18
DA:41,18
DA:52,2
DA:61,18
DA:69,1
DA:70,1
DA:75,1
DA:82,1
DA:83,1
DA:84,1
DA:90,1
DA:96,20
DA:97,20
LF:24
LH:24
BRDA:26,0,0,13
BRDA:26,0,1,1
BRDA:44,1,0,15
BRDA:44,1,1,3
BRDA:96,2,0,18
BRDA:96,2,1,2
BRF:6
BRH:6
end_of_record
TN:
SF:/Users/angelisco1/Documents/PRONOIDE/gitlab/curso-react/ejercicios/ej-testing/src/components/lista-compra/producto.jsx
FN:3,(anonymous_0)
FN:8,(anonymous_1)
FNF:2
FNH:2
FNDA:17,(anonymous_0)
FNDA:1,(anonymous_1)
DA:3,1
DA:4,17
DA:7,17
DA:8,1
LF:4
LH:4
BRDA:5,0,0,1
BRDA:5,0,1,16
BRF:2
BRH:2
end_of_record
TN:
SF:/Users/angelisco1/Documents/PRONOIDE/gitlab/curso-react/ejercicios/ej-testing/src/store/contador/action-types.js
FNF:0
FNH:0
DA:1,2
DA:2,2
LF:2
LH:2
BRF:0
BRH:0
end_of_record
TN:
SF:/Users/angelisco1/Documents/PRONOIDE/gitlab/curso-react/ejercicios/ej-testing/src/store/contador/actions.js
FN:3,incrementCount
FN:9,decrementCount
FNF:2
FNH:2
FNDA:1,incrementCount
FNDA:1,decrementCount
DA:4,1
DA:10,1
LF:2
LH:2
BRF:0
BRH:0
end_of_record
TN:
SF:/Users/angelisco1/Documents/PRONOIDE/gitlab/curso-react/ejercicios/ej-testing/src/store/contador/index.js
FN:4,contador
FNF:1
FNH:1
FNDA:5,contador
DA:5,5
DA:7,1
DA:9,3
DA:11,1
LF:4
LH:4
BRDA:4,0,0,4
BRDA:5,1,0,1
BRDA:5,1,1,3
BRDA:5,1,2,1
BRF:4
BRH:4
end_of_record
